<?xml version="1.0" encoding="UTF-8"?>
<coverage generated="1739265360361" clover="3.2.0">
  <project timestamp="1739265360362" name="All files">
    <metrics statements="49" coveredstatements="49" conditionals="49" coveredconditionals="49" methods="22" coveredmethods="22" elements="120" coveredelements="120" complexity="0" loc="49" ncloc="49" packages="1" files="2" classes="2"/>
    <file name="color.js" path="C:\shifiLemberger\color_hunt\server\services\validations\color.js">
      <metrics statements="12" coveredstatements="12" conditionals="10" coveredconditionals="10" methods="4" coveredmethods="4"/>
      <line num="2" count="6" type="cond" truecount="2" falsecount="0"/>
      <line num="3" count="1" type="stmt"/>
      <line num="5" count="14" type="cond" truecount="2" falsecount="0"/>
      <line num="6" count="1" type="stmt"/>
      <line num="8" count="4" type="cond" truecount="2" falsecount="0"/>
      <line num="9" count="9" type="cond" truecount="2" falsecount="0"/>
      <line num="12" count="1" type="stmt"/>
      <line num="17" count="5" type="cond" truecount="2" falsecount="0"/>
      <line num="18" count="1" type="stmt"/>
      <line num="19" count="4" type="stmt"/>
      <line num="20" count="4" type="stmt"/>
      <line num="22" count="1" type="stmt"/>
    </file>
    <file name="object.js" path="C:\shifiLemberger\color_hunt\server\services\validations\object.js">
      <metrics statements="37" coveredstatements="37" conditionals="39" coveredconditionals="39" methods="18" coveredmethods="18"/>
      <line num="1" count="1" type="stmt"/>
      <line num="5" count="11" type="cond" truecount="2" falsecount="0"/>
      <line num="6" count="2" type="stmt"/>
      <line num="7" count="33" type="cond" truecount="2" falsecount="0"/>
      <line num="15" count="43" type="cond" truecount="5" falsecount="0"/>
      <line num="16" count="7" type="stmt"/>
      <line num="17" count="13" type="cond" truecount="2" falsecount="0"/>
      <line num="18" count="5" type="stmt"/>
      <line num="19" count="8" type="cond" truecount="2" falsecount="0"/>
      <line num="20" count="1" type="stmt"/>
      <line num="21" count="7" type="cond" truecount="2" falsecount="0"/>
      <line num="22" count="1" type="stmt"/>
      <line num="23" count="11" type="cond" truecount="2" falsecount="0"/>
      <line num="24" count="1" type="stmt"/>
      <line num="25" count="5" type="cond" truecount="2" falsecount="0"/>
      <line num="26" count="2" type="stmt"/>
      <line num="27" count="15" type="stmt"/>
      <line num="28" count="9" type="stmt"/>
      <line num="29" count="3" type="cond" truecount="2" falsecount="0"/>
      <line num="30" count="2" type="stmt"/>
      <line num="31" count="2" type="stmt"/>
      <line num="39" count="28" type="cond" truecount="5" falsecount="0"/>
      <line num="40" count="7" type="stmt"/>
      <line num="41" count="8" type="cond" truecount="2" falsecount="0"/>
      <line num="42" count="1" type="stmt"/>
      <line num="43" count="13" type="cond" truecount="2" falsecount="0"/>
      <line num="44" count="1" type="stmt"/>
      <line num="45" count="6" type="cond" truecount="2" falsecount="0"/>
      <line num="46" count="3" type="stmt"/>
      <line num="47" count="3" type="stmt"/>
      <line num="48" count="15" type="stmt"/>
      <line num="49" count="34" type="cond" truecount="4" falsecount="0"/>
      <line num="50" count="20" type="stmt"/>
      <line num="52" count="3" type="cond" truecount="2" falsecount="0"/>
      <line num="53" count="2" type="stmt"/>
      <line num="54" count="3" type="stmt"/>
      <line num="56" count="1" type="stmt"/>
    </file>
  </project>
</coverage>
