{"C:\\shifiLemberger\\color_hunt\\server\\modules\\pallete.js": {"path":"C:\\shifiLemberger\\color_hunt\\server\\modules\\pallete.js","statementMap":{"0":{"start":{"line":1,"column":28},"end":{"line":1,"column":58}},"1":{"start":{"line":2,"column":35},"end":{"line":2,"column":65}},"2":{"start":{"line":3,"column":19},"end":{"line":3,"column":50}},"3":{"start":{"line":4,"column":35},"end":{"line":4,"column":75}},"4":{"start":{"line":5,"column":72},"end":{"line":5,"column":113}},"5":{"start":{"line":8,"column":14},"end":{"line":39,"column":1}},"6":{"start":{"line":36,"column":27},"end":{"line":36,"column":47}},"7":{"start":{"line":43,"column":4},"end":{"line":79,"column":5}},"8":{"start":{"line":45,"column":30},"end":{"line":45,"column":69}},"9":{"start":{"line":46,"column":8},"end":{"line":48,"column":9}},"10":{"start":{"line":47,"column":12},"end":{"line":47,"column":89}},"11":{"start":{"line":49,"column":27},"end":{"line":49,"column":65}},"12":{"start":{"line":50,"column":8},"end":{"line":52,"column":9}},"13":{"start":{"line":51,"column":12},"end":{"line":51,"column":103}},"14":{"start":{"line":53,"column":8},"end":{"line":74,"column":5}},"15":{"start":{"line":54,"column":27},"end":{"line":54,"column":34}},"16":{"start":{"line":55,"column":8},"end":{"line":57,"column":9}},"17":{"start":{"line":56,"column":12},"end":{"line":56,"column":53}},"18":{"start":{"line":58,"column":32},"end":{"line":58,"column":132}},"19":{"start":{"line":58,"column":51},"end":{"line":58,"column":131}},"20":{"start":{"line":58,"column":117},"end":{"line":58,"column":129}},"21":{"start":{"line":59,"column":8},"end":{"line":61,"column":9}},"22":{"start":{"line":60,"column":12},"end":{"line":60,"column":71}},"23":{"start":{"line":62,"column":28},"end":{"line":62,"column":102}},"24":{"start":{"line":62,"column":45},"end":{"line":62,"column":101}},"25":{"start":{"line":63,"column":8},"end":{"line":65,"column":9}},"26":{"start":{"line":63,"column":37},"end":{"line":63,"column":42}},"27":{"start":{"line":64,"column":12},"end":{"line":64,"column":74}},"28":{"start":{"line":66,"column":19},"end":{"line":66,"column":102}},"29":{"start":{"line":66,"column":45},"end":{"line":66,"column":97}},"30":{"start":{"line":67,"column":22},"end":{"line":67,"column":59}},"31":{"start":{"line":68,"column":8},"end":{"line":72,"column":9}},"32":{"start":{"line":69,"column":12},"end":{"line":69,"column":27}},"33":{"start":{"line":70,"column":12},"end":{"line":70,"column":39}},"34":{"start":{"line":71,"column":12},"end":{"line":71,"column":26}},"35":{"start":{"line":73,"column":8},"end":{"line":73,"column":20}},"36":{"start":{"line":75,"column":4},"end":{"line":75,"column":46}},"37":{"start":{"line":78,"column":8},"end":{"line":78,"column":19}},"38":{"start":{"line":82,"column":4},"end":{"line":83,"column":46}},"39":{"start":{"line":83,"column":8},"end":{"line":83,"column":46}},"40":{"start":{"line":84,"column":4},"end":{"line":86,"column":5}},"41":{"start":{"line":85,"column":8},"end":{"line":85,"column":47}},"42":{"start":{"line":87,"column":14},"end":{"line":87,"column":32}},"43":{"start":{"line":88,"column":3},"end":{"line":88,"column":32}},"44":{"start":{"line":90,"column":0},"end":{"line":90,"column":49}}},"fnMap":{"0":{"name":"(anonymous_0)","decl":{"start":{"line":36,"column":18},"end":{"line":36,"column":19}},"loc":{"start":{"line":36,"column":27},"end":{"line":36,"column":47}},"line":36},"1":{"name":"createPallete","decl":{"start":{"line":42,"column":9},"end":{"line":42,"column":22}},"loc":{"start":{"line":42,"column":32},"end":{"line":80,"column":1}},"line":42},"2":{"name":"(anonymous_2)","decl":{"start":{"line":58,"column":45},"end":{"line":58,"column":46}},"loc":{"start":{"line":58,"column":51},"end":{"line":58,"column":131}},"line":58},"3":{"name":"(anonymous_3)","decl":{"start":{"line":58,"column":109},"end":{"line":58,"column":110}},"loc":{"start":{"line":58,"column":117},"end":{"line":58,"column":129}},"line":58},"4":{"name":"(anonymous_4)","decl":{"start":{"line":62,"column":39},"end":{"line":62,"column":40}},"loc":{"start":{"line":62,"column":45},"end":{"line":62,"column":101}},"line":62},"5":{"name":"(anonymous_5)","decl":{"start":{"line":63,"column":29},"end":{"line":63,"column":30}},"loc":{"start":{"line":63,"column":37},"end":{"line":63,"column":42}},"line":63},"6":{"name":"(anonymous_6)","decl":{"start":{"line":66,"column":33},"end":{"line":66,"column":34}},"loc":{"start":{"line":66,"column":45},"end":{"line":66,"column":97}},"line":66},"7":{"name":"getAllPalletes","decl":{"start":{"line":81,"column":9},"end":{"line":81,"column":23}},"loc":{"start":{"line":81,"column":37},"end":{"line":89,"column":1}},"line":81}},"branchMap":{"0":{"loc":{"start":{"line":46,"column":8},"end":{"line":48,"column":9}},"type":"if","locations":[{"start":{"line":46,"column":8},"end":{"line":48,"column":9}},{"start":{},"end":{}}],"line":46},"1":{"loc":{"start":{"line":50,"column":8},"end":{"line":52,"column":9}},"type":"if","locations":[{"start":{"line":50,"column":8},"end":{"line":52,"column":9}},{"start":{},"end":{}}],"line":50},"2":{"loc":{"start":{"line":53,"column":8},"end":{"line":74,"column":5}},"type":"if","locations":[{"start":{"line":53,"column":8},"end":{"line":74,"column":5}},{"start":{},"end":{}}],"line":53},"3":{"loc":{"start":{"line":53,"column":11},"end":{"line":53,"column":63}},"type":"binary-expr","locations":[{"start":{"line":53,"column":11},"end":{"line":53,"column":25}},{"start":{"line":53,"column":27},"end":{"line":53,"column":63}}],"line":53},"4":{"loc":{"start":{"line":55,"column":8},"end":{"line":57,"column":9}},"type":"if","locations":[{"start":{"line":55,"column":8},"end":{"line":57,"column":9}},{"start":{},"end":{}}],"line":55},"5":{"loc":{"start":{"line":58,"column":51},"end":{"line":58,"column":131}},"type":"binary-expr","locations":[{"start":{"line":58,"column":51},"end":{"line":58,"column":72}},{"start":{"line":58,"column":77},"end":{"line":58,"column":96}},{"start":{"line":58,"column":100},"end":{"line":58,"column":130}}],"line":58},"6":{"loc":{"start":{"line":59,"column":8},"end":{"line":61,"column":9}},"type":"if","locations":[{"start":{"line":59,"column":8},"end":{"line":61,"column":9}},{"start":{},"end":{}}],"line":59},"7":{"loc":{"start":{"line":62,"column":45},"end":{"line":62,"column":101}},"type":"cond-expr","locations":[{"start":{"line":62,"column":70},"end":{"line":62,"column":84}},{"start":{"line":62,"column":87},"end":{"line":62,"column":101}}],"line":62},"8":{"loc":{"start":{"line":63,"column":8},"end":{"line":65,"column":9}},"type":"if","locations":[{"start":{"line":63,"column":8},"end":{"line":65,"column":9}},{"start":{},"end":{}}],"line":63},"9":{"loc":{"start":{"line":66,"column":51},"end":{"line":66,"column":97}},"type":"cond-expr","locations":[{"start":{"line":66,"column":73},"end":{"line":66,"column":92}},{"start":{"line":66,"column":95},"end":{"line":66,"column":97}}],"line":66},"10":{"loc":{"start":{"line":68,"column":8},"end":{"line":72,"column":9}},"type":"if","locations":[{"start":{"line":68,"column":8},"end":{"line":72,"column":9}},{"start":{},"end":{}}],"line":68},"11":{"loc":{"start":{"line":82,"column":4},"end":{"line":83,"column":46}},"type":"if","locations":[{"start":{"line":82,"column":4},"end":{"line":83,"column":46}},{"start":{},"end":{}}],"line":82},"12":{"loc":{"start":{"line":84,"column":4},"end":{"line":86,"column":5}},"type":"if","locations":[{"start":{"line":84,"column":4},"end":{"line":86,"column":5}},{"start":{},"end":{}}],"line":84}},"s":{"0":1,"1":1,"2":1,"3":1,"4":1,"5":1,"6":13,"7":17,"8":17,"9":16,"10":1,"11":15,"12":14,"13":1,"14":13,"15":12,"16":12,"17":1,"18":11,"19":42,"20":16,"21":11,"22":2,"23":9,"24":31,"25":7,"26":22,"27":2,"28":5,"29":17,"30":4,"31":3,"32":2,"33":2,"34":1,"35":1,"36":1,"37":15,"38":4,"39":1,"40":3,"41":1,"42":2,"43":1,"44":1},"f":{"0":13,"1":17,"2":42,"3":16,"4":31,"5":22,"6":17,"7":4},"b":{"0":[1,15],"1":[1,13],"2":[12,1],"3":[13,13],"4":[1,11],"5":[42,7,6],"6":[2,9],"7":[26,5],"8":[2,5],"9":[1,16],"10":[2,1],"11":[1,3],"12":[1,2]},"_coverageSchema":"1a1c01bbd47fc00a2c39e90264f33305004495a9","hash":"5ff6397d997accfc0b95c6ebed8054bffca6a857"}
,"C:\\shifiLemberger\\color_hunt\\server\\services\\convert.js": {"path":"C:\\shifiLemberger\\color_hunt\\server\\services\\convert.js","statementMap":{"0":{"start":{"line":2,"column":4},"end":{"line":4,"column":5}},"1":{"start":{"line":3,"column":8},"end":{"line":3,"column":67}},"2":{"start":{"line":5,"column":19},"end":{"line":5,"column":94}},"3":{"start":{"line":5,"column":47},"end":{"line":5,"column":89}},"4":{"start":{"line":6,"column":4},"end":{"line":6,"column":33}},"5":{"start":{"line":8,"column":0},"end":{"line":8,"column":36}}},"fnMap":{"0":{"name":"convertRGBtoHEX","decl":{"start":{"line":1,"column":9},"end":{"line":1,"column":24}},"loc":{"start":{"line":1,"column":32},"end":{"line":7,"column":1}},"line":1},"1":{"name":"(anonymous_1)","decl":{"start":{"line":5,"column":32},"end":{"line":5,"column":33}},"loc":{"start":{"line":5,"column":47},"end":{"line":5,"column":89}},"line":5}},"branchMap":{"0":{"loc":{"start":{"line":2,"column":4},"end":{"line":4,"column":5}},"type":"if","locations":[{"start":{"line":2,"column":4},"end":{"line":4,"column":5}},{"start":{},"end":{}}],"line":2}},"s":{"0":3,"1":1,"2":2,"3":6,"4":2,"5":2},"f":{"0":3,"1":6},"b":{"0":[1,2]},"_coverageSchema":"1a1c01bbd47fc00a2c39e90264f33305004495a9","hash":"58fcaade838a69da340c16bd3b1fe116184edf49"}
,"C:\\shifiLemberger\\color_hunt\\server\\services\\DB\\read.js": {"path":"C:\\shifiLemberger\\color_hunt\\server\\services\\DB\\read.js","statementMap":{"0":{"start":{"line":1,"column":11},"end":{"line":1,"column":24}},"1":{"start":{"line":2,"column":13},"end":{"line":2,"column":28}},"2":{"start":{"line":3,"column":0},"end":{"line":3,"column":26}},"3":{"start":{"line":11,"column":49},"end":{"line":11,"column":60}},"4":{"start":{"line":15,"column":4},"end":{"line":33,"column":5}},"5":{"start":{"line":16,"column":8},"end":{"line":18,"column":9}},"6":{"start":{"line":17,"column":12},"end":{"line":17,"column":51}},"7":{"start":{"line":19,"column":25},"end":{"line":19,"column":67}},"8":{"start":{"line":20,"column":8},"end":{"line":21,"column":21}},"9":{"start":{"line":21,"column":12},"end":{"line":21,"column":21}},"10":{"start":{"line":22,"column":21},"end":{"line":22,"column":46}},"11":{"start":{"line":23,"column":21},"end":{"line":23,"column":37}},"12":{"start":{"line":24,"column":8},"end":{"line":29,"column":9}},"13":{"start":{"line":25,"column":12},"end":{"line":25,"column":23}},"14":{"start":{"line":28,"column":12},"end":{"line":28,"column":61}},"15":{"start":{"line":32,"column":8},"end":{"line":32,"column":17}},"16":{"start":{"line":40,"column":4},"end":{"line":45,"column":5}},"17":{"start":{"line":41,"column":8},"end":{"line":41,"column":21}},"18":{"start":{"line":44,"column":8},"end":{"line":44,"column":42}},"19":{"start":{"line":46,"column":4},"end":{"line":61,"column":5}},"20":{"start":{"line":48,"column":8},"end":{"line":50,"column":9}},"21":{"start":{"line":49,"column":12},"end":{"line":49,"column":59}},"22":{"start":{"line":51,"column":27},"end":{"line":51,"column":40}},"23":{"start":{"line":52,"column":8},"end":{"line":57,"column":29}},"24":{"start":{"line":53,"column":29},"end":{"line":53,"column":139}},"25":{"start":{"line":53,"column":55},"end":{"line":53,"column":138}},"26":{"start":{"line":53,"column":105},"end":{"line":53,"column":137}},"27":{"start":{"line":54,"column":12},"end":{"line":54,"column":27}},"28":{"start":{"line":57,"column":12},"end":{"line":57,"column":29}},"29":{"start":{"line":60,"column":8},"end":{"line":60,"column":19}},"30":{"start":{"line":65,"column":0},"end":{"line":65,"column":43}}},"fnMap":{"0":{"name":"getAll","decl":{"start":{"line":13,"column":9},"end":{"line":13,"column":15}},"loc":{"start":{"line":13,"column":23},"end":{"line":34,"column":1}},"line":13},"1":{"name":"getByCondition","decl":{"start":{"line":39,"column":9},"end":{"line":39,"column":23}},"loc":{"start":{"line":39,"column":42},"end":{"line":63,"column":1}},"line":39},"2":{"name":"(anonymous_2)","decl":{"start":{"line":53,"column":47},"end":{"line":53,"column":48}},"loc":{"start":{"line":53,"column":55},"end":{"line":53,"column":138}},"line":53},"3":{"name":"(anonymous_3)","decl":{"start":{"line":53,"column":87},"end":{"line":53,"column":88}},"loc":{"start":{"line":53,"column":105},"end":{"line":53,"column":137}},"line":53}},"branchMap":{"0":{"loc":{"start":{"line":11,"column":8},"end":{"line":11,"column":44}},"type":"default-arg","locations":[{"start":{"line":11,"column":25},"end":{"line":11,"column":44}}],"line":11},"1":{"loc":{"start":{"line":16,"column":8},"end":{"line":18,"column":9}},"type":"if","locations":[{"start":{"line":16,"column":8},"end":{"line":18,"column":9}},{"start":{},"end":{}}],"line":16},"2":{"loc":{"start":{"line":20,"column":8},"end":{"line":21,"column":21}},"type":"if","locations":[{"start":{"line":20,"column":8},"end":{"line":21,"column":21}},{"start":{},"end":{}}],"line":20},"3":{"loc":{"start":{"line":24,"column":8},"end":{"line":29,"column":9}},"type":"if","locations":[{"start":{"line":24,"column":8},"end":{"line":29,"column":9}},{"start":{"line":27,"column":13},"end":{"line":29,"column":9}}],"line":24},"4":{"loc":{"start":{"line":48,"column":8},"end":{"line":50,"column":9}},"type":"if","locations":[{"start":{"line":48,"column":8},"end":{"line":50,"column":9}},{"start":{},"end":{}}],"line":48},"5":{"loc":{"start":{"line":52,"column":8},"end":{"line":57,"column":29}},"type":"if","locations":[{"start":{"line":52,"column":8},"end":{"line":57,"column":29}},{"start":{"line":57,"column":12},"end":{"line":57,"column":29}}],"line":52},"6":{"loc":{"start":{"line":53,"column":105},"end":{"line":53,"column":137}},"type":"binary-expr","locations":[{"start":{"line":53,"column":105},"end":{"line":53,"column":114}},{"start":{"line":53,"column":118},"end":{"line":53,"column":137}}],"line":53}},"s":{"0":3,"1":3,"2":3,"3":3,"4":14,"5":14,"6":2,"7":12,"8":11,"9":1,"10":10,"11":9,"12":9,"13":8,"14":1,"15":5,"16":5,"17":5,"18":1,"19":4,"20":4,"21":1,"22":3,"23":3,"24":2,"25":10,"26":10,"27":2,"28":1,"29":1,"30":3},"f":{"0":14,"1":5,"2":10,"3":10},"b":{"0":[2],"1":[2,12],"2":[1,10],"3":[8,1],"4":[1,3],"5":[2,1],"6":[10,10]},"_coverageSchema":"1a1c01bbd47fc00a2c39e90264f33305004495a9","hash":"8a8b98302c2454625632da9417d272047a90113b"}
,"C:\\shifiLemberger\\color_hunt\\server\\services\\DB\\write.js": {"path":"C:\\shifiLemberger\\color_hunt\\server\\services\\DB\\write.js","statementMap":{"0":{"start":{"line":1,"column":19},"end":{"line":1,"column":36}},"1":{"start":{"line":2,"column":13},"end":{"line":2,"column":28}},"2":{"start":{"line":3,"column":11},"end":{"line":3,"column":24}},"3":{"start":{"line":4,"column":0},"end":{"line":4,"column":26}},"4":{"start":{"line":6,"column":49},"end":{"line":6,"column":60}},"5":{"start":{"line":10,"column":4},"end":{"line":28,"column":5}},"6":{"start":{"line":11,"column":7},"end":{"line":13,"column":8}},"7":{"start":{"line":12,"column":8},"end":{"line":12,"column":47}},"8":{"start":{"line":14,"column":7},"end":{"line":16,"column":5}},"9":{"start":{"line":15,"column":8},"end":{"line":15,"column":44}},"10":{"start":{"line":17,"column":25},"end":{"line":17,"column":38}},"11":{"start":{"line":19,"column":8},"end":{"line":19,"column":29}},"12":{"start":{"line":20,"column":8},"end":{"line":22,"column":9}},"13":{"start":{"line":21,"column":12},"end":{"line":21,"column":61}},"14":{"start":{"line":23,"column":25},"end":{"line":23,"column":67}},"15":{"start":{"line":24,"column":8},"end":{"line":24,"column":62}},"16":{"start":{"line":27,"column":8},"end":{"line":27,"column":19}},"17":{"start":{"line":31,"column":0},"end":{"line":31,"column":27}}},"fnMap":{"0":{"name":"addOne","decl":{"start":{"line":9,"column":9},"end":{"line":9,"column":15}},"loc":{"start":{"line":9,"column":29},"end":{"line":30,"column":1}},"line":9}},"branchMap":{"0":{"loc":{"start":{"line":6,"column":8},"end":{"line":6,"column":44}},"type":"default-arg","locations":[{"start":{"line":6,"column":25},"end":{"line":6,"column":44}}],"line":6},"1":{"loc":{"start":{"line":11,"column":7},"end":{"line":13,"column":8}},"type":"if","locations":[{"start":{"line":11,"column":7},"end":{"line":13,"column":8}},{"start":{},"end":{}}],"line":11},"2":{"loc":{"start":{"line":14,"column":7},"end":{"line":16,"column":5}},"type":"if","locations":[{"start":{"line":14,"column":7},"end":{"line":16,"column":5}},{"start":{},"end":{}}],"line":14},"3":{"loc":{"start":{"line":20,"column":8},"end":{"line":22,"column":9}},"type":"if","locations":[{"start":{"line":20,"column":8},"end":{"line":22,"column":9}},{"start":{},"end":{}}],"line":20}},"s":{"0":2,"1":2,"2":2,"3":2,"4":2,"5":8,"6":8,"7":1,"8":7,"9":1,"10":6,"11":5,"12":5,"13":2,"14":4,"15":3,"16":6,"17":2},"f":{"0":8},"b":{"0":[1],"1":[1,7],"2":[1,6],"3":[2,3]},"_coverageSchema":"1a1c01bbd47fc00a2c39e90264f33305004495a9","hash":"c11299c46da2b727b4eee883824d2c71daa7251e"}
,"C:\\shifiLemberger\\color_hunt\\server\\services\\validations\\color.js": {"path":"C:\\shifiLemberger\\color_hunt\\server\\services\\validations\\color.js","statementMap":{"0":{"start":{"line":2,"column":4},"end":{"line":4,"column":5}},"1":{"start":{"line":3,"column":8},"end":{"line":3,"column":50}},"2":{"start":{"line":5,"column":4},"end":{"line":7,"column":5}},"3":{"start":{"line":5,"column":24},"end":{"line":5,"column":44}},"4":{"start":{"line":6,"column":8},"end":{"line":6,"column":57}},"5":{"start":{"line":8,"column":4},"end":{"line":12,"column":20}},"6":{"start":{"line":9,"column":8},"end":{"line":9,"column":51}},"7":{"start":{"line":9,"column":32},"end":{"line":9,"column":50}},"8":{"start":{"line":12,"column":8},"end":{"line":12,"column":20}},"9":{"start":{"line":17,"column":7},"end":{"line":18,"column":47}},"10":{"start":{"line":18,"column":8},"end":{"line":18,"column":47}},"11":{"start":{"line":19,"column":16},"end":{"line":19,"column":35}},"12":{"start":{"line":20,"column":4},"end":{"line":20,"column":26}},"13":{"start":{"line":22,"column":0},"end":{"line":22,"column":43}}},"fnMap":{"0":{"name":"isRGBColor","decl":{"start":{"line":1,"column":9},"end":{"line":1,"column":19}},"loc":{"start":{"line":1,"column":27},"end":{"line":13,"column":1}},"line":1},"1":{"name":"(anonymous_1)","decl":{"start":{"line":5,"column":19},"end":{"line":5,"column":20}},"loc":{"start":{"line":5,"column":24},"end":{"line":5,"column":44}},"line":5},"2":{"name":"(anonymous_2)","decl":{"start":{"line":9,"column":27},"end":{"line":9,"column":28}},"loc":{"start":{"line":9,"column":32},"end":{"line":9,"column":50}},"line":9},"3":{"name":"isHEXColor","decl":{"start":{"line":16,"column":9},"end":{"line":16,"column":19}},"loc":{"start":{"line":16,"column":27},"end":{"line":21,"column":1}},"line":16}},"branchMap":{"0":{"loc":{"start":{"line":2,"column":4},"end":{"line":4,"column":5}},"type":"if","locations":[{"start":{"line":2,"column":4},"end":{"line":4,"column":5}},{"start":{},"end":{}}],"line":2},"1":{"loc":{"start":{"line":5,"column":4},"end":{"line":7,"column":5}},"type":"if","locations":[{"start":{"line":5,"column":4},"end":{"line":7,"column":5}},{"start":{},"end":{}}],"line":5},"2":{"loc":{"start":{"line":8,"column":4},"end":{"line":12,"column":20}},"type":"if","locations":[{"start":{"line":8,"column":4},"end":{"line":12,"column":20}},{"start":{"line":12,"column":8},"end":{"line":12,"column":20}}],"line":8},"3":{"loc":{"start":{"line":9,"column":32},"end":{"line":9,"column":50}},"type":"binary-expr","locations":[{"start":{"line":9,"column":32},"end":{"line":9,"column":38}},{"start":{"line":9,"column":42},"end":{"line":9,"column":50}}],"line":9},"4":{"loc":{"start":{"line":17,"column":7},"end":{"line":18,"column":47}},"type":"if","locations":[{"start":{"line":17,"column":7},"end":{"line":18,"column":47}},{"start":{},"end":{}}],"line":17}},"s":{"0":6,"1":1,"2":5,"3":14,"4":1,"5":4,"6":3,"7":9,"8":1,"9":5,"10":1,"11":4,"12":4,"13":2},"f":{"0":6,"1":14,"2":9,"3":5},"b":{"0":[1,5],"1":[1,4],"2":[3,1],"3":[9,9],"4":[1,4]},"_coverageSchema":"1a1c01bbd47fc00a2c39e90264f33305004495a9","hash":"dd25ebc0980832ab4ada6263ec2017dc28b2842d"}
,"C:\\shifiLemberger\\color_hunt\\server\\services\\validations\\db.js": {"path":"C:\\shifiLemberger\\color_hunt\\server\\services\\validations\\db.js","statementMap":{"0":{"start":{"line":2,"column":4},"end":{"line":3,"column":47}},"1":{"start":{"line":3,"column":8},"end":{"line":3,"column":47}},"2":{"start":{"line":6,"column":4},"end":{"line":7,"column":56}},"3":{"start":{"line":7,"column":8},"end":{"line":7,"column":56}},"4":{"start":{"line":9,"column":4},"end":{"line":10,"column":50}},"5":{"start":{"line":10,"column":7},"end":{"line":10,"column":50}},"6":{"start":{"line":10,"column":31},"end":{"line":10,"column":49}},"7":{"start":{"line":11,"column":4},"end":{"line":11,"column":31}},"8":{"start":{"line":15,"column":0},"end":{"line":15,"column":33}},"9":{"start":{"line":16,"column":0},"end":{"line":16,"column":37}}},"fnMap":{"0":{"name":"dataContainValue","decl":{"start":{"line":1,"column":9},"end":{"line":1,"column":25}},"loc":{"start":{"line":1,"column":45},"end":{"line":14,"column":1}},"line":1},"1":{"name":"(anonymous_1)","decl":{"start":{"line":10,"column":25},"end":{"line":10,"column":26}},"loc":{"start":{"line":10,"column":31},"end":{"line":10,"column":49}},"line":10}},"branchMap":{"0":{"loc":{"start":{"line":2,"column":4},"end":{"line":3,"column":47}},"type":"if","locations":[{"start":{"line":2,"column":4},"end":{"line":3,"column":47}},{"start":{},"end":{}}],"line":2},"1":{"loc":{"start":{"line":6,"column":4},"end":{"line":7,"column":56}},"type":"if","locations":[{"start":{"line":6,"column":4},"end":{"line":7,"column":56}},{"start":{},"end":{}}],"line":6},"2":{"loc":{"start":{"line":9,"column":4},"end":{"line":10,"column":50}},"type":"if","locations":[{"start":{"line":9,"column":4},"end":{"line":10,"column":50}},{"start":{},"end":{}}],"line":9}},"s":{"0":7,"1":1,"2":6,"3":1,"4":5,"5":2,"6":3,"7":3,"8":1,"9":1},"f":{"0":7,"1":3},"b":{"0":[1,6],"1":[1,5],"2":[2,3]},"_coverageSchema":"1a1c01bbd47fc00a2c39e90264f33305004495a9","hash":"49efab4cd521f76c84eda1457f08e8a37a630046"}
,"C:\\shifiLemberger\\color_hunt\\server\\services\\validations\\object.js": {"path":"C:\\shifiLemberger\\color_hunt\\server\\services\\validations\\object.js","statementMap":{"0":{"start":{"line":1,"column":19},"end":{"line":3,"column":1}},"1":{"start":{"line":5,"column":4},"end":{"line":6,"column":20}},"2":{"start":{"line":6,"column":8},"end":{"line":6,"column":20}},"3":{"start":{"line":7,"column":4},"end":{"line":7,"column":81}},"4":{"start":{"line":7,"column":38},"end":{"line":7,"column":80}},"5":{"start":{"line":15,"column":4},"end":{"line":16,"column":56}},"6":{"start":{"line":15,"column":108},"end":{"line":15,"column":124}},"7":{"start":{"line":16,"column":8},"end":{"line":16,"column":56}},"8":{"start":{"line":17,"column":4},"end":{"line":18,"column":47}},"9":{"start":{"line":18,"column":8},"end":{"line":18,"column":47}},"10":{"start":{"line":19,"column":4},"end":{"line":20,"column":63}},"11":{"start":{"line":20,"column":8},"end":{"line":20,"column":63}},"12":{"start":{"line":21,"column":4},"end":{"line":22,"column":47}},"13":{"start":{"line":22,"column":8},"end":{"line":22,"column":47}},"14":{"start":{"line":23,"column":4},"end":{"line":24,"column":48}},"15":{"start":{"line":23,"column":39},"end":{"line":23,"column":55}},"16":{"start":{"line":24,"column":8},"end":{"line":24,"column":48}},"17":{"start":{"line":25,"column":4},"end":{"line":26,"column":73}},"18":{"start":{"line":26,"column":8},"end":{"line":26,"column":73}},"19":{"start":{"line":27,"column":16},"end":{"line":27,"column":59}},"20":{"start":{"line":27,"column":41},"end":{"line":27,"column":58}},"21":{"start":{"line":28,"column":16},"end":{"line":28,"column":67}},"22":{"start":{"line":28,"column":32},"end":{"line":28,"column":66}},"23":{"start":{"line":29,"column":4},"end":{"line":30,"column":19}},"24":{"start":{"line":30,"column":8},"end":{"line":30,"column":19}},"25":{"start":{"line":31,"column":4},"end":{"line":31,"column":31}},"26":{"start":{"line":31,"column":24},"end":{"line":31,"column":30}},"27":{"start":{"line":39,"column":4},"end":{"line":40,"column":56}},"28":{"start":{"line":39,"column":108},"end":{"line":39,"column":124}},"29":{"start":{"line":40,"column":8},"end":{"line":40,"column":56}},"30":{"start":{"line":41,"column":4},"end":{"line":42,"column":51}},"31":{"start":{"line":42,"column":8},"end":{"line":42,"column":51}},"32":{"start":{"line":43,"column":4},"end":{"line":44,"column":48}},"33":{"start":{"line":43,"column":39},"end":{"line":43,"column":55}},"34":{"start":{"line":44,"column":8},"end":{"line":44,"column":48}},"35":{"start":{"line":45,"column":4},"end":{"line":46,"column":73}},"36":{"start":{"line":46,"column":8},"end":{"line":46,"column":73}},"37":{"start":{"line":47,"column":20},"end":{"line":47,"column":39}},"38":{"start":{"line":48,"column":22},"end":{"line":48,"column":79}},"39":{"start":{"line":48,"column":44},"end":{"line":48,"column":78}},"40":{"start":{"line":49,"column":16},"end":{"line":50,"column":135}},"41":{"start":{"line":49,"column":36},"end":{"line":50,"column":134}},"42":{"start":{"line":49,"column":59},"end":{"line":49,"column":73}},"43":{"start":{"line":49,"column":123},"end":{"line":49,"column":137}},"44":{"start":{"line":50,"column":39},"end":{"line":50,"column":53}},"45":{"start":{"line":50,"column":112},"end":{"line":50,"column":126}},"46":{"start":{"line":52,"column":4},"end":{"line":53,"column":19}},"47":{"start":{"line":53,"column":8},"end":{"line":53,"column":19}},"48":{"start":{"line":54,"column":4},"end":{"line":54,"column":29}},"49":{"start":{"line":54,"column":24},"end":{"line":54,"column":28}},"50":{"start":{"line":56,"column":0},"end":{"line":56,"column":80}}},"fnMap":{"0":{"name":"validateModel","decl":{"start":{"line":4,"column":9},"end":{"line":4,"column":22}},"loc":{"start":{"line":4,"column":30},"end":{"line":8,"column":1}},"line":4},"1":{"name":"(anonymous_1)","decl":{"start":{"line":7,"column":30},"end":{"line":7,"column":31}},"loc":{"start":{"line":7,"column":38},"end":{"line":7,"column":80}},"line":7},"2":{"name":"requiredFieldValidation","decl":{"start":{"line":14,"column":9},"end":{"line":14,"column":32}},"loc":{"start":{"line":14,"column":63},"end":{"line":32,"column":1}},"line":14},"3":{"name":"(anonymous_3)","decl":{"start":{"line":15,"column":103},"end":{"line":15,"column":104}},"loc":{"start":{"line":15,"column":108},"end":{"line":15,"column":124}},"line":15},"4":{"name":"(anonymous_4)","decl":{"start":{"line":23,"column":32},"end":{"line":23,"column":33}},"loc":{"start":{"line":23,"column":39},"end":{"line":23,"column":55}},"line":23},"5":{"name":"(anonymous_5)","decl":{"start":{"line":27,"column":36},"end":{"line":27,"column":37}},"loc":{"start":{"line":27,"column":41},"end":{"line":27,"column":58}},"line":27},"6":{"name":"(anonymous_6)","decl":{"start":{"line":28,"column":27},"end":{"line":28,"column":28}},"loc":{"start":{"line":28,"column":32},"end":{"line":28,"column":66}},"line":28},"7":{"name":"(anonymous_7)","decl":{"start":{"line":31,"column":19},"end":{"line":31,"column":20}},"loc":{"start":{"line":31,"column":24},"end":{"line":31,"column":30}},"line":31},"8":{"name":"requiredTypeValidation","decl":{"start":{"line":38,"column":9},"end":{"line":38,"column":31}},"loc":{"start":{"line":38,"column":44},"end":{"line":55,"column":1}},"line":38},"9":{"name":"(anonymous_9)","decl":{"start":{"line":39,"column":103},"end":{"line":39,"column":104}},"loc":{"start":{"line":39,"column":108},"end":{"line":39,"column":124}},"line":39},"10":{"name":"(anonymous_10)","decl":{"start":{"line":43,"column":32},"end":{"line":43,"column":33}},"loc":{"start":{"line":43,"column":39},"end":{"line":43,"column":55}},"line":43},"11":{"name":"(anonymous_11)","decl":{"start":{"line":48,"column":39},"end":{"line":48,"column":40}},"loc":{"start":{"line":48,"column":44},"end":{"line":48,"column":78}},"line":48},"12":{"name":"(anonymous_12)","decl":{"start":{"line":49,"column":31},"end":{"line":49,"column":32}},"loc":{"start":{"line":49,"column":36},"end":{"line":50,"column":134}},"line":49},"13":{"name":"(anonymous_13)","decl":{"start":{"line":49,"column":54},"end":{"line":49,"column":55}},"loc":{"start":{"line":49,"column":59},"end":{"line":49,"column":73}},"line":49},"14":{"name":"(anonymous_14)","decl":{"start":{"line":49,"column":118},"end":{"line":49,"column":119}},"loc":{"start":{"line":49,"column":123},"end":{"line":49,"column":137}},"line":49},"15":{"name":"(anonymous_15)","decl":{"start":{"line":50,"column":34},"end":{"line":50,"column":35}},"loc":{"start":{"line":50,"column":39},"end":{"line":50,"column":53}},"line":50},"16":{"name":"(anonymous_16)","decl":{"start":{"line":50,"column":107},"end":{"line":50,"column":108}},"loc":{"start":{"line":50,"column":112},"end":{"line":50,"column":126}},"line":50},"17":{"name":"(anonymous_17)","decl":{"start":{"line":54,"column":19},"end":{"line":54,"column":20}},"loc":{"start":{"line":54,"column":24},"end":{"line":54,"column":28}},"line":54}},"branchMap":{"0":{"loc":{"start":{"line":5,"column":4},"end":{"line":6,"column":20}},"type":"if","locations":[{"start":{"line":5,"column":4},"end":{"line":6,"column":20}},{"start":{},"end":{}}],"line":5},"1":{"loc":{"start":{"line":7,"column":38},"end":{"line":7,"column":80}},"type":"binary-expr","locations":[{"start":{"line":7,"column":38},"end":{"line":7,"column":47}},{"start":{"line":7,"column":51},"end":{"line":7,"column":80}}],"line":7},"2":{"loc":{"start":{"line":14,"column":45},"end":{"line":14,"column":61}},"type":"default-arg","locations":[{"start":{"line":14,"column":53},"end":{"line":14,"column":61}}],"line":14},"3":{"loc":{"start":{"line":15,"column":4},"end":{"line":16,"column":56}},"type":"if","locations":[{"start":{"line":15,"column":4},"end":{"line":16,"column":56}},{"start":{},"end":{}}],"line":15},"4":{"loc":{"start":{"line":15,"column":8},"end":{"line":15,"column":125}},"type":"binary-expr","locations":[{"start":{"line":15,"column":8},"end":{"line":15,"column":12}},{"start":{"line":15,"column":16},"end":{"line":15,"column":68}},{"start":{"line":15,"column":72},"end":{"line":15,"column":125}}],"line":15},"5":{"loc":{"start":{"line":17,"column":4},"end":{"line":18,"column":47}},"type":"if","locations":[{"start":{"line":17,"column":4},"end":{"line":18,"column":47}},{"start":{},"end":{}}],"line":17},"6":{"loc":{"start":{"line":19,"column":4},"end":{"line":20,"column":63}},"type":"if","locations":[{"start":{"line":19,"column":4},"end":{"line":20,"column":63}},{"start":{},"end":{}}],"line":19},"7":{"loc":{"start":{"line":21,"column":4},"end":{"line":22,"column":47}},"type":"if","locations":[{"start":{"line":21,"column":4},"end":{"line":22,"column":47}},{"start":{},"end":{}}],"line":21},"8":{"loc":{"start":{"line":23,"column":4},"end":{"line":24,"column":48}},"type":"if","locations":[{"start":{"line":23,"column":4},"end":{"line":24,"column":48}},{"start":{},"end":{}}],"line":23},"9":{"loc":{"start":{"line":25,"column":4},"end":{"line":26,"column":73}},"type":"if","locations":[{"start":{"line":25,"column":4},"end":{"line":26,"column":73}},{"start":{},"end":{}}],"line":25},"10":{"loc":{"start":{"line":29,"column":4},"end":{"line":30,"column":19}},"type":"if","locations":[{"start":{"line":29,"column":4},"end":{"line":30,"column":19}},{"start":{},"end":{}}],"line":29},"11":{"loc":{"start":{"line":39,"column":4},"end":{"line":40,"column":56}},"type":"if","locations":[{"start":{"line":39,"column":4},"end":{"line":40,"column":56}},{"start":{},"end":{}}],"line":39},"12":{"loc":{"start":{"line":39,"column":8},"end":{"line":39,"column":125}},"type":"binary-expr","locations":[{"start":{"line":39,"column":8},"end":{"line":39,"column":12}},{"start":{"line":39,"column":16},"end":{"line":39,"column":68}},{"start":{"line":39,"column":72},"end":{"line":39,"column":125}}],"line":39},"13":{"loc":{"start":{"line":41,"column":4},"end":{"line":42,"column":51}},"type":"if","locations":[{"start":{"line":41,"column":4},"end":{"line":42,"column":51}},{"start":{},"end":{}}],"line":41},"14":{"loc":{"start":{"line":43,"column":4},"end":{"line":44,"column":48}},"type":"if","locations":[{"start":{"line":43,"column":4},"end":{"line":44,"column":48}},{"start":{},"end":{}}],"line":43},"15":{"loc":{"start":{"line":45,"column":4},"end":{"line":46,"column":73}},"type":"if","locations":[{"start":{"line":45,"column":4},"end":{"line":46,"column":73}},{"start":{},"end":{}}],"line":45},"16":{"loc":{"start":{"line":49,"column":38},"end":{"line":50,"column":133}},"type":"binary-expr","locations":[{"start":{"line":49,"column":39},"end":{"line":49,"column":99}},{"start":{"line":49,"column":103},"end":{"line":49,"column":149}},{"start":{"line":50,"column":12},"end":{"line":50,"column":72}},{"start":{"line":50,"column":76},"end":{"line":50,"column":132}}],"line":49},"17":{"loc":{"start":{"line":52,"column":4},"end":{"line":53,"column":19}},"type":"if","locations":[{"start":{"line":52,"column":4},"end":{"line":53,"column":19}},{"start":{},"end":{}}],"line":52}},"s":{"0":2,"1":11,"2":2,"3":9,"4":33,"5":20,"6":43,"7":7,"8":13,"9":5,"10":8,"11":1,"12":7,"13":1,"14":6,"15":11,"16":1,"17":5,"18":2,"19":3,"20":15,"21":3,"22":9,"23":3,"24":2,"25":1,"26":2,"27":15,"28":28,"29":7,"30":8,"31":1,"32":7,"33":13,"34":1,"35":6,"36":3,"37":3,"38":3,"39":15,"40":3,"41":12,"42":34,"43":19,"44":20,"45":15,"46":3,"47":2,"48":1,"49":3,"50":2},"f":{"0":11,"1":33,"2":20,"3":43,"4":11,"5":15,"6":9,"7":2,"8":15,"9":28,"10":13,"11":15,"12":12,"13":34,"14":19,"15":20,"16":15,"17":3},"b":{"0":[2,9],"1":[33,30],"2":[13],"3":[7,13],"4":[20,18,15],"5":[5,8],"6":[1,7],"7":[1,6],"8":[1,5],"9":[2,3],"10":[2,1],"11":[7,8],"12":[15,13,10],"13":[1,7],"14":[1,6],"15":[3,3],"16":[12,4,9,8],"17":[2,1]},"_coverageSchema":"1a1c01bbd47fc00a2c39e90264f33305004495a9","hash":"80d0d37b12775d2c5465f03527443f4fd5c120fe"}
}
