{"C:\\shifiLemberger\\color_hunt\\server\\services\\validations\\color.js": {"path":"C:\\shifiLemberger\\color_hunt\\server\\services\\validations\\color.js","statementMap":{"0":{"start":{"line":2,"column":4},"end":{"line":4,"column":5}},"1":{"start":{"line":3,"column":8},"end":{"line":3,"column":50}},"2":{"start":{"line":5,"column":4},"end":{"line":7,"column":5}},"3":{"start":{"line":5,"column":24},"end":{"line":5,"column":44}},"4":{"start":{"line":6,"column":8},"end":{"line":6,"column":57}},"5":{"start":{"line":8,"column":4},"end":{"line":12,"column":20}},"6":{"start":{"line":9,"column":8},"end":{"line":9,"column":51}},"7":{"start":{"line":9,"column":32},"end":{"line":9,"column":50}},"8":{"start":{"line":12,"column":8},"end":{"line":12,"column":20}},"9":{"start":{"line":17,"column":7},"end":{"line":18,"column":47}},"10":{"start":{"line":18,"column":8},"end":{"line":18,"column":47}},"11":{"start":{"line":19,"column":16},"end":{"line":19,"column":35}},"12":{"start":{"line":20,"column":4},"end":{"line":20,"column":26}},"13":{"start":{"line":22,"column":0},"end":{"line":22,"column":43}}},"fnMap":{"0":{"name":"isRGBColor","decl":{"start":{"line":1,"column":9},"end":{"line":1,"column":19}},"loc":{"start":{"line":1,"column":27},"end":{"line":13,"column":1}},"line":1},"1":{"name":"(anonymous_1)","decl":{"start":{"line":5,"column":19},"end":{"line":5,"column":20}},"loc":{"start":{"line":5,"column":24},"end":{"line":5,"column":44}},"line":5},"2":{"name":"(anonymous_2)","decl":{"start":{"line":9,"column":27},"end":{"line":9,"column":28}},"loc":{"start":{"line":9,"column":32},"end":{"line":9,"column":50}},"line":9},"3":{"name":"isHEXColor","decl":{"start":{"line":16,"column":9},"end":{"line":16,"column":19}},"loc":{"start":{"line":16,"column":27},"end":{"line":21,"column":1}},"line":16}},"branchMap":{"0":{"loc":{"start":{"line":2,"column":4},"end":{"line":4,"column":5}},"type":"if","locations":[{"start":{"line":2,"column":4},"end":{"line":4,"column":5}},{"start":{},"end":{}}],"line":2},"1":{"loc":{"start":{"line":5,"column":4},"end":{"line":7,"column":5}},"type":"if","locations":[{"start":{"line":5,"column":4},"end":{"line":7,"column":5}},{"start":{},"end":{}}],"line":5},"2":{"loc":{"start":{"line":8,"column":4},"end":{"line":12,"column":20}},"type":"if","locations":[{"start":{"line":8,"column":4},"end":{"line":12,"column":20}},{"start":{"line":12,"column":8},"end":{"line":12,"column":20}}],"line":8},"3":{"loc":{"start":{"line":9,"column":32},"end":{"line":9,"column":50}},"type":"binary-expr","locations":[{"start":{"line":9,"column":32},"end":{"line":9,"column":38}},{"start":{"line":9,"column":42},"end":{"line":9,"column":50}}],"line":9},"4":{"loc":{"start":{"line":17,"column":7},"end":{"line":18,"column":47}},"type":"if","locations":[{"start":{"line":17,"column":7},"end":{"line":18,"column":47}},{"start":{},"end":{}}],"line":17}},"s":{"0":6,"1":1,"2":5,"3":14,"4":1,"5":4,"6":3,"7":9,"8":1,"9":5,"10":1,"11":4,"12":4,"13":1},"f":{"0":6,"1":14,"2":9,"3":5},"b":{"0":[1,5],"1":[1,4],"2":[3,1],"3":[9,9],"4":[1,4]},"_coverageSchema":"1a1c01bbd47fc00a2c39e90264f33305004495a9","hash":"dd25ebc0980832ab4ada6263ec2017dc28b2842d"}
}
