TN:
SF:services\validations\color.js
FN:1,isRGBColor
FN:5,(anonymous_1)
FN:9,(anonymous_2)
FN:16,isHEXColor
FNF:4
FNH:4
FNDA:6,isRGBColor
FNDA:14,(anonymous_1)
FNDA:9,(anonymous_2)
FNDA:5,isHEXColor
DA:2,6
DA:3,1
DA:5,14
DA:6,1
DA:8,4
DA:9,9
DA:12,1
DA:17,5
DA:18,1
DA:19,4
DA:20,4
DA:22,1
LF:12
LH:12
BRDA:2,0,0,1
BRDA:2,0,1,5
BRDA:5,1,0,1
BRDA:5,1,1,4
BRDA:8,2,0,3
BRDA:8,2,1,1
BRDA:9,3,0,9
BRDA:9,3,1,9
BRDA:17,4,0,1
BRDA:17,4,1,4
BRF:10
BRH:10
end_of_record
TN:
SF:services\validations\object.js
FN:4,validateModel
FN:7,(anonymous_1)
FN:14,requiredFieldValidation
FN:15,(anonymous_3)
FN:23,(anonymous_4)
FN:27,(anonymous_5)
FN:28,(anonymous_6)
FN:31,(anonymous_7)
FN:38,requiredTypeValidation
FN:39,(anonymous_9)
FN:43,(anonymous_10)
FN:48,(anonymous_11)
FN:49,(anonymous_12)
FN:49,(anonymous_13)
FN:49,(anonymous_14)
FN:50,(anonymous_15)
FN:50,(anonymous_16)
FN:54,(anonymous_17)
FNF:18
FNH:18
FNDA:11,validateModel
FNDA:33,(anonymous_1)
FNDA:20,requiredFieldValidation
FNDA:43,(anonymous_3)
FNDA:11,(anonymous_4)
FNDA:15,(anonymous_5)
FNDA:9,(anonymous_6)
FNDA:2,(anonymous_7)
FNDA:15,requiredTypeValidation
FNDA:28,(anonymous_9)
FNDA:13,(anonymous_10)
FNDA:15,(anonymous_11)
FNDA:12,(anonymous_12)
FNDA:34,(anonymous_13)
FNDA:19,(anonymous_14)
FNDA:20,(anonymous_15)
FNDA:15,(anonymous_16)
FNDA:3,(anonymous_17)
DA:1,1
DA:5,11
DA:6,2
DA:7,33
DA:15,43
DA:16,7
DA:17,13
DA:18,5
DA:19,8
DA:20,1
DA:21,7
DA:22,1
DA:23,11
DA:24,1
DA:25,5
DA:26,2
DA:27,15
DA:28,9
DA:29,3
DA:30,2
DA:31,2
DA:39,28
DA:40,7
DA:41,8
DA:42,1
DA:43,13
DA:44,1
DA:45,6
DA:46,3
DA:47,3
DA:48,15
DA:49,34
DA:50,20
DA:52,3
DA:53,2
DA:54,3
DA:56,1
LF:37
LH:37
BRDA:5,0,0,2
BRDA:5,0,1,9
BRDA:7,1,0,33
BRDA:7,1,1,30
BRDA:14,2,0,13
BRDA:15,3,0,7
BRDA:15,3,1,13
BRDA:15,4,0,20
BRDA:15,4,1,18
BRDA:15,4,2,15
BRDA:17,5,0,5
BRDA:17,5,1,8
BRDA:19,6,0,1
BRDA:19,6,1,7
BRDA:21,7,0,1
BRDA:21,7,1,6
BRDA:23,8,0,1
BRDA:23,8,1,5
BRDA:25,9,0,2
BRDA:25,9,1,3
BRDA:29,10,0,2
BRDA:29,10,1,1
BRDA:39,11,0,7
BRDA:39,11,1,8
BRDA:39,12,0,15
BRDA:39,12,1,13
BRDA:39,12,2,10
BRDA:41,13,0,1
BRDA:41,13,1,7
BRDA:43,14,0,1
BRDA:43,14,1,6
BRDA:45,15,0,3
BRDA:45,15,1,3
BRDA:49,16,0,12
BRDA:49,16,1,4
BRDA:49,16,2,9
BRDA:49,16,3,8
BRDA:52,17,0,2
BRDA:52,17,1,1
BRF:39
BRH:39
end_of_record
